<?xml version="1.0" encoding="UTF-8" ?>
<testsuite errors="0" failures="0" hostname="Inspiron-17R" name="twitter.FilterTest" skipped="0" tests="26" time="0.139" timestamp="2016-11-05T07:14:35">
  <properties>
[...]
</properties>
  <testcase classname="twitter.FilterTest" name="testContainingReverseOrder" time="0.002" />
  <testcase classname="twitter.FilterTest" name="testContainingMultipleWords" time="0.001" />
  <testcase classname="twitter.FilterTest" name="testWrittenByCheckTweetCapitalization" time="0.001" />
  <testcase classname="twitter.FilterTest" name="testContainingValidInputsTweetNotFound" time="0.0" />
  <testcase classname="twitter.FilterTest" name="testContainingPunctuationWord" time="0.0" />
  <testcase classname="twitter.FilterTest" name="testInTimespanEmptyList" time="0.001" />
  <testcase classname="twitter.FilterTest" name="testInTimespanSingularityInclusion" time="0.0" />
  <testcase classname="twitter.FilterTest" name="testInTimespanFilterForOneTweet" time="0.001" />
  <testcase classname="twitter.FilterTest" name="testContaining" time="0.0" />
  <testcase classname="twitter.FilterTest" name="testWrittenByEmptyList" time="0.0" />
  <testcase classname="twitter.FilterTest" name="testInTimespanOrder" time="0.001" />
  <testcase classname="twitter.FilterTest" name="testAssertionsEnabled" time="0.001" />
  <testcase classname="twitter.FilterTest" name="testWrittenByMultipleTweetsSingleResult" time="0.0" />
  <testcase classname="twitter.FilterTest" name="testContainingCapitalization" time="0.0" />
  <testcase classname="twitter.FilterTest" name="testWrittenByCheckOrder" time="0.0" />
  <testcase classname="twitter.FilterTest" name="testContainingEmptyTweetList" time="0.001" />
  <testcase classname="twitter.FilterTest" name="testContainingEmptyWordList" time="0.0" />
  <testcase classname="twitter.FilterTest" name="testWrittenByCheckParameterCapitalization" time="0.0" />
  <testcase classname="twitter.FilterTest" name="testContainingAtMention" time="0.0" />
  <testcase classname="twitter.FilterTest" name="testInTimespanMultipleTweetsMultipleResults" time="0.0" />
  <testcase classname="twitter.FilterTest" name="testContainingHashtag" time="0.001" />
  <testcase classname="twitter.FilterTest" name="testWrittenByUsernameNotFound" time="0.0" />
  <testcase classname="twitter.FilterTest" name="testContainingFirstWord" time="0.0" />
  <testcase classname="twitter.FilterTest" name="testInTimespanZeroSecondTimespan" time="0.001" />
  <testcase classname="twitter.FilterTest" name="testInTimespanBorderInclusion" time="0.0" />
  <testcase classname="twitter.FilterTest" name="testContainingSubstring" time="0.0" />
  <system-out><![CDATA[]]></system-out>
  <system-err><![CDATA[]]></system-err>
</testsuite>
